<?xml version="1.0" encoding="UTF-8"?>
<testng-results skipped="0" failed="0" ignored="0" total="1" passed="1">
  <reporter-output>
  </reporter-output>
  <suite name="Verizon Family Locator Web Regression Test Suite" duration-ms="23834" started-at="2018-01-02T02:09:43Z" finished-at="2018-01-02T02:10:07Z">
    <groups>
    </groups>
    <test name="Login Tests" duration-ms="23834" started-at="2018-01-02T02:09:43Z" finished-at="2018-01-02T02:10:07Z">
      <class name="webTests.LoginWeb">
        <test-method status="PASS" signature="Setup()[pri:0, instance:webTests.LoginWeb@78123e82]" name="Setup" is-config="true" duration-ms="4010" started-at="2018-01-01T18:09:44Z" finished-at="2018-01-01T18:09:48Z">
          <reporter-output>
          </reporter-output>
        </test-method> <!-- Setup -->
        <test-method status="PASS" signature="loginWebVZFL(java.lang.String, java.lang.String)[pri:0, instance:webTests.LoginWeb@78123e82]" name="loginWebVZFL" duration-ms="19211" started-at="2018-01-01T18:09:48Z" data-provider="getData" finished-at="2018-01-01T18:10:07Z">
          <params>
            <param index="0">
              <value>
                <![CDATA[9493300677]]>
              </value>
            </param>
            <param index="1">
              <value>
                <![CDATA[comiccon]]>
              </value>
            </param>
          </params>
          <reporter-output>
          </reporter-output>
        </test-method> <!-- loginWebVZFL -->
        <test-method status="PASS" signature="OnFailure(org.testng.ITestResult)[pri:0, instance:webTests.LoginWeb@78123e82]" name="OnFailure" is-config="true" duration-ms="2" started-at="2018-01-01T18:10:07Z" finished-at="2018-01-01T18:10:07Z">
          <params>
            <param index="0">
              <value>
                <![CDATA[[TestResult name=loginWebVZFL status=SUCCESS method=LoginWeb.loginWebVZFL(java.lang.String, java.lang.String)[pri:0, instance:webTests.LoginWeb@78123e82] output={null}]]]>
              </value>
            </param>
          </params>
          <reporter-output>
          </reporter-output>
        </test-method> <!-- OnFailure -->
        <test-method status="PASS" signature="tearDown()[pri:0, instance:webTests.LoginWeb@78123e82]" name="tearDown" is-config="true" duration-ms="87" started-at="2018-01-01T18:10:07Z" finished-at="2018-01-01T18:10:07Z">
          <reporter-output>
          </reporter-output>
        </test-method> <!-- tearDown -->
      </class> <!-- webTests.LoginWeb -->
    </test> <!-- Login Tests -->
  </suite> <!-- Verizon Family Locator Web Regression Test Suite -->
</testng-results>
