<?xml version="1.0" encoding="UTF-8"?>
<!-- Generated by org.testng.reporters.JUnitXMLReporter -->
<testsuite hostname="AVMACBOOKPROATON.local" ignored="0" name="Add Tests" tests="4" failures="0" timestamp="31 Dec 2017 19:29:40 GMT" time="151.909" errors="0">
  <testcase name="addPlaceTest" time="29.538" classname="webTests.AddaPlace"/>
  <testcase name="addContactsTest" time="21.576" classname="webTests.AddContacts"/>
  <testcase name="addLBAlertWithPlaceTest" time="52.566" classname="webTests.AddLocationBasedAlert"/>
  <testcase name="addLBAlertExistingPlaceTest" time="35.675" classname="webTests.AddLocationBasedAlert"/>
</testsuite> <!-- Add Tests -->
